    OpenRGB v0.9
    Commit:  from 
    Launched: 20240323_210228
====================================================================================================

1006  |Info:    Saving detector settings
1006  |Info:    ------------------------------------------------------
1006  |Info:    |               Start device detection               |
1006  |Info:    ------------------------------------------------------
1007  |Info:    Initializing HID interfaces: Success
1011  |Info:    ------------------------------------------------------
1011  |Info:    |             Detecting I2C interfaces               |
1011  |Info:    ------------------------------------------------------
1011  |Info:    Registering I2C interface: /dev/i2c-3 Device 10DE:21C4 Subsystem: 10DE:13D3
1011  |Info:    Registering I2C interface: /dev/i2c-1 Device 1022:790B Subsystem: 1462:7C02
1012  |Info:    Registering I2C interface: /dev/i2c-6 Device 10DE:21C4 Subsystem: 10DE:13D3
1012  |Info:    Registering I2C interface: /dev/i2c-4 Device 10DE:21C4 Subsystem: 10DE:13D3
1012  |Info:    Registering I2C interface: /dev/i2c-2 Device 1022:790B Subsystem: 1462:7C02
1012  |Info:    Registering I2C interface: /dev/i2c-0 Device 1022:790B Subsystem: 1462:7C02
1012  |Info:    Registering I2C interface: /dev/i2c-5 Device 10DE:21C4 Subsystem: 10DE:13D3
1012  |Info:    ------------------------------------------------------
1012  |Info:    |               Detecting I2C devices                |
1012  |Info:    ------------------------------------------------------
1945  |Info:    ------------------------------------------------------
1945  |Info:    |               Detecting I2C PCI devices            |
1945  |Info:    ------------------------------------------------------
1946  |Info:    ------------------------------------------------------
1946  |Info:    |               Detecting HID devices                |
1946  |Info:    ------------------------------------------------------
1970  |Info:    [Razer Deathadder Essential] Registering RGB controller
1970  |Info:    ------------------------------------------------------
1970  |Info:    |            Detecting libusb HID devices            |
1970  |Info:    ------------------------------------------------------
1997  |Info:    ------------------------------------------------------
1997  |Info:    |              Detecting other devices               |
1997  |Info:    ------------------------------------------------------
2003  |Info:    ------------------------------------------------------
2003  |Info:    |                Detection completed                 |
2003  |Info:    ------------------------------------------------------
