    OpenRGB v0.7
    Commit:  from 
    Launched: 20211231_155659
====================================================================================================

1001  |Info:    ------------------------------------------------------
1001  |Info:    |               Start device detection               |
1001  |Info:    ------------------------------------------------------
1002  |Info:    Initializing HID interfaces: Success
1010  |Info:    ------------------------------------------------------
1010  |Info:    |             Detecting I2C interfaces               |
1010  |Info:    ------------------------------------------------------
1010  |Info:    Registering I2C interface: /dev/i2c-3 Device 10DE:21C4 Subsystem: 10DE:13D3
1010  |Info:    Registering I2C interface: /dev/i2c-1 Device 10DE:21C4 Subsystem: 10DE:13D3
1011  |Info:    Registering I2C interface: /dev/i2c-6 Device 1022:790B Subsystem: 1462:7C02
1011  |Info:    Registering I2C interface: /dev/i2c-4 Device 1022:790B Subsystem: 1462:7C02
1011  |Info:    Registering I2C interface: /dev/i2c-2 Device 10DE:21C4 Subsystem: 10DE:13D3
1011  |Info:    Registering I2C interface: /dev/i2c-0 Device 10DE:21C4 Subsystem: 10DE:13D3
1012  |Info:    Registering I2C interface: /dev/i2c-7 Device 10DE:1AED Subsystem: 10DE:13D3
1012  |Info:    Registering I2C interface: /dev/i2c-5 Device 1022:790B Subsystem: 1462:7C02
1012  |Info:    ------------------------------------------------------
1012  |Info:    |               Detecting I2C devices                |
1012  |Info:    ------------------------------------------------------
1689  |Info:    ------------------------------------------------------
1689  |Info:    |               Detecting HID devices                |
1689  |Info:    ------------------------------------------------------
1709  |Info:    [Razer Deathadder Essential] Registering RGB controller
1709  |Info:    ------------------------------------------------------
1709  |Info:    |              Detecting other devices               |
1709  |Info:    ------------------------------------------------------
1718  |Info:    ------------------------------------------------------
1718  |Info:    |                Detection completed                 |
1718  |Info:    ------------------------------------------------------
2199  |Info:    Loading plugins
