    OpenRGB v0.7
    Commit:  from 
    Launched: 20211231_155633
====================================================================================================

1006  |Info:    Saving detector settings
1006  |Info:    ------------------------------------------------------
1006  |Info:    |               Start device detection               |
1006  |Info:    ------------------------------------------------------
1007  |Info:    Initializing HID interfaces: Success
1015  |Info:    ------------------------------------------------------
1015  |Info:    |             Detecting I2C interfaces               |
1015  |Info:    ------------------------------------------------------
1016  |Info:    Registering I2C interface: /dev/i2c-3 Device 10DE:21C4 Subsystem: 10DE:13D3
1016  |Info:    Registering I2C interface: /dev/i2c-1 Device 10DE:21C4 Subsystem: 10DE:13D3
1016  |Info:    Registering I2C interface: /dev/i2c-6 Device 1022:790B Subsystem: 1462:7C02
1016  |Info:    Registering I2C interface: /dev/i2c-4 Device 1022:790B Subsystem: 1462:7C02
1016  |Info:    Registering I2C interface: /dev/i2c-2 Device 10DE:21C4 Subsystem: 10DE:13D3
1017  |Info:    Registering I2C interface: /dev/i2c-0 Device 10DE:21C4 Subsystem: 10DE:13D3
1017  |Info:    Registering I2C interface: /dev/i2c-7 Device 10DE:1AED Subsystem: 10DE:13D3
1017  |Info:    Registering I2C interface: /dev/i2c-5 Device 1022:790B Subsystem: 1462:7C02
1017  |Info:    ------------------------------------------------------
1017  |Info:    |               Detecting I2C devices                |
1017  |Info:    ------------------------------------------------------
1709  |Info:    ------------------------------------------------------
1709  |Info:    |               Detecting HID devices                |
1709  |Info:    ------------------------------------------------------
1728  |Info:    [Razer Deathadder Essential] Registering RGB controller
1728  |Info:    ------------------------------------------------------
1728  |Info:    |              Detecting other devices               |
1728  |Info:    ------------------------------------------------------
1733  |Info:    ------------------------------------------------------
1733  |Info:    |                Detection completed                 |
1733  |Info:    ------------------------------------------------------
2205  |Info:    Loading plugins
